c:\users\avinash ranjan\source\repos\mynetworkfilter\x64\debug\vc142.pdb
c:\users\avinash ranjan\source\repos\mynetworkfilter\x64\debug\source.obj
c:\users\avinash ranjan\source\repos\mynetworkfilter\x64\debug\mynetworkfilter\mynetworkfilter.cat
c:\users\avinash ranjan\source\repos\mynetworkfilter\x64\debug\mynetworkfilter.sys
c:\users\avinash ranjan\source\repos\mynetworkfilter\x64\debug\mynetworkfilter.pdb
c:\users\avinash ranjan\source\repos\mynetworkfilter\x64\debug\mynetworkfilter.inf
c:\users\avinash ranjan\source\repos\mynetworkfilter\x64\debug\mynetworkfilter.cer
c:\users\avinash ranjan\source\repos\mynetworkfilter\x64\debug\mynetworkfilter.tlog\cl.command.1.tlog
c:\users\avinash ranjan\source\repos\mynetworkfilter\x64\debug\mynetworkfilter.tlog\cl.read.1.tlog
c:\users\avinash ranjan\source\repos\mynetworkfilter\x64\debug\mynetworkfilter.tlog\cl.write.1.tlog
c:\users\avinash ranjan\source\repos\mynetworkfilter\x64\debug\mynetworkfilter.tlog\inf2cat-expand.10012.read.1.tlog
c:\users\avinash ranjan\source\repos\mynetworkfilter\x64\debug\mynetworkfilter.tlog\inf2cat-expand.10012.write.1.tlog
c:\users\avinash ranjan\source\repos\mynetworkfilter\x64\debug\mynetworkfilter.tlog\inf2cat-expand.10016.read.1.tlog
c:\users\avinash ranjan\source\repos\mynetworkfilter\x64\debug\mynetworkfilter.tlog\inf2cat-expand.10016.write.1.tlog
c:\users\avinash ranjan\source\repos\mynetworkfilter\x64\debug\mynetworkfilter.tlog\inf2cat-expand.10024.read.1.tlog
c:\users\avinash ranjan\source\repos\mynetworkfilter\x64\debug\mynetworkfilter.tlog\inf2cat-expand.10024.write.1.tlog
c:\users\avinash ranjan\source\repos\mynetworkfilter\x64\debug\mynetworkfilter.tlog\inf2cat-expand.10092.read.1.tlog
c:\users\avinash ranjan\source\repos\mynetworkfilter\x64\debug\mynetworkfilter.tlog\inf2cat-expand.10092.write.1.tlog
c:\users\avinash ranjan\source\repos\mynetworkfilter\x64\debug\mynetworkfilter.tlog\inf2cat-expand.10128.read.1.tlog
c:\users\avinash ranjan\source\repos\mynetworkfilter\x64\debug\mynetworkfilter.tlog\inf2cat-expand.10128.write.1.tlog
c:\users\avinash ranjan\source\repos\mynetworkfilter\x64\debug\mynetworkfilter.tlog\inf2cat-expand.10160.read.1.tlog
c:\users\avinash ranjan\source\repos\mynetworkfilter\x64\debug\mynetworkfilter.tlog\inf2cat-expand.10160.write.1.tlog
c:\users\avinash ranjan\source\repos\mynetworkfilter\x64\debug\mynetworkfilter.tlog\inf2cat-expand.10220.read.1.tlog
c:\users\avinash ranjan\source\repos\mynetworkfilter\x64\debug\mynetworkfilter.tlog\inf2cat-expand.10220.write.1.tlog
c:\users\avinash ranjan\source\repos\mynetworkfilter\x64\debug\mynetworkfilter.tlog\inf2cat-expand.10344.read.1.tlog
c:\users\avinash ranjan\source\repos\mynetworkfilter\x64\debug\mynetworkfilter.tlog\inf2cat-expand.10344.write.1.tlog
c:\users\avinash ranjan\source\repos\mynetworkfilter\x64\debug\mynetworkfilter.tlog\inf2cat-expand.10608.read.1.tlog
c:\users\avinash ranjan\source\repos\mynetworkfilter\x64\debug\mynetworkfilter.tlog\inf2cat-expand.10608.write.1.tlog
c:\users\avinash ranjan\source\repos\mynetworkfilter\x64\debug\mynetworkfilter.tlog\inf2cat-expand.1072.read.1.tlog
c:\users\avinash ranjan\source\repos\mynetworkfilter\x64\debug\mynetworkfilter.tlog\inf2cat-expand.1072.write.1.tlog
c:\users\avinash ranjan\source\repos\mynetworkfilter\x64\debug\mynetworkfilter.tlog\inf2cat-expand.10872.read.1.tlog
c:\users\avinash ranjan\source\repos\mynetworkfilter\x64\debug\mynetworkfilter.tlog\inf2cat-expand.10872.write.1.tlog
c:\users\avinash ranjan\source\repos\mynetworkfilter\x64\debug\mynetworkfilter.tlog\inf2cat-expand.10940.read.1.tlog
c:\users\avinash ranjan\source\repos\mynetworkfilter\x64\debug\mynetworkfilter.tlog\inf2cat-expand.10940.write.1.tlog
c:\users\avinash ranjan\source\repos\mynetworkfilter\x64\debug\mynetworkfilter.tlog\inf2cat-expand.1112.read.1.tlog
c:\users\avinash ranjan\source\repos\mynetworkfilter\x64\debug\mynetworkfilter.tlog\inf2cat-expand.1112.write.1.tlog
c:\users\avinash ranjan\source\repos\mynetworkfilter\x64\debug\mynetworkfilter.tlog\inf2cat-expand.1212.read.1.tlog
c:\users\avinash ranjan\source\repos\mynetworkfilter\x64\debug\mynetworkfilter.tlog\inf2cat-expand.1212.write.1.tlog
c:\users\avinash ranjan\source\repos\mynetworkfilter\x64\debug\mynetworkfilter.tlog\inf2cat-expand.1692.read.1.tlog
c:\users\avinash ranjan\source\repos\mynetworkfilter\x64\debug\mynetworkfilter.tlog\inf2cat-expand.1692.write.1.tlog
c:\users\avinash ranjan\source\repos\mynetworkfilter\x64\debug\mynetworkfilter.tlog\inf2cat-expand.1708.read.1.tlog
c:\users\avinash ranjan\source\repos\mynetworkfilter\x64\debug\mynetworkfilter.tlog\inf2cat-expand.1708.write.1.tlog
c:\users\avinash ranjan\source\repos\mynetworkfilter\x64\debug\mynetworkfilter.tlog\inf2cat-expand.1824.read.1.tlog
c:\users\avinash ranjan\source\repos\mynetworkfilter\x64\debug\mynetworkfilter.tlog\inf2cat-expand.1824.write.1.tlog
c:\users\avinash ranjan\source\repos\mynetworkfilter\x64\debug\mynetworkfilter.tlog\inf2cat-expand.1848.read.1.tlog
c:\users\avinash ranjan\source\repos\mynetworkfilter\x64\debug\mynetworkfilter.tlog\inf2cat-expand.1848.write.1.tlog
c:\users\avinash ranjan\source\repos\mynetworkfilter\x64\debug\mynetworkfilter.tlog\inf2cat-expand.1888.read.1.tlog
c:\users\avinash ranjan\source\repos\mynetworkfilter\x64\debug\mynetworkfilter.tlog\inf2cat-expand.1888.write.1.tlog
c:\users\avinash ranjan\source\repos\mynetworkfilter\x64\debug\mynetworkfilter.tlog\inf2cat-expand.2368.read.1.tlog
c:\users\avinash ranjan\source\repos\mynetworkfilter\x64\debug\mynetworkfilter.tlog\inf2cat-expand.2368.write.1.tlog
c:\users\avinash ranjan\source\repos\mynetworkfilter\x64\debug\mynetworkfilter.tlog\inf2cat-expand.2456.read.1.tlog
c:\users\avinash ranjan\source\repos\mynetworkfilter\x64\debug\mynetworkfilter.tlog\inf2cat-expand.2456.write.1.tlog
c:\users\avinash ranjan\source\repos\mynetworkfilter\x64\debug\mynetworkfilter.tlog\inf2cat-expand.2508.read.1.tlog
c:\users\avinash ranjan\source\repos\mynetworkfilter\x64\debug\mynetworkfilter.tlog\inf2cat-expand.2508.write.1.tlog
c:\users\avinash ranjan\source\repos\mynetworkfilter\x64\debug\mynetworkfilter.tlog\inf2cat-expand.2784.read.1.tlog
c:\users\avinash ranjan\source\repos\mynetworkfilter\x64\debug\mynetworkfilter.tlog\inf2cat-expand.2784.write.1.tlog
c:\users\avinash ranjan\source\repos\mynetworkfilter\x64\debug\mynetworkfilter.tlog\inf2cat-expand.2844.read.1.tlog
c:\users\avinash ranjan\source\repos\mynetworkfilter\x64\debug\mynetworkfilter.tlog\inf2cat-expand.2844.write.1.tlog
c:\users\avinash ranjan\source\repos\mynetworkfilter\x64\debug\mynetworkfilter.tlog\inf2cat-expand.2856.read.1.tlog
c:\users\avinash ranjan\source\repos\mynetworkfilter\x64\debug\mynetworkfilter.tlog\inf2cat-expand.2856.write.1.tlog
c:\users\avinash ranjan\source\repos\mynetworkfilter\x64\debug\mynetworkfilter.tlog\inf2cat-expand.2896.read.1.tlog
c:\users\avinash ranjan\source\repos\mynetworkfilter\x64\debug\mynetworkfilter.tlog\inf2cat-expand.2896.write.1.tlog
c:\users\avinash ranjan\source\repos\mynetworkfilter\x64\debug\mynetworkfilter.tlog\inf2cat-expand.2944.read.1.tlog
c:\users\avinash ranjan\source\repos\mynetworkfilter\x64\debug\mynetworkfilter.tlog\inf2cat-expand.2944.write.1.tlog
c:\users\avinash ranjan\source\repos\mynetworkfilter\x64\debug\mynetworkfilter.tlog\inf2cat-expand.3116.read.1.tlog
c:\users\avinash ranjan\source\repos\mynetworkfilter\x64\debug\mynetworkfilter.tlog\inf2cat-expand.3116.write.1.tlog
c:\users\avinash ranjan\source\repos\mynetworkfilter\x64\debug\mynetworkfilter.tlog\inf2cat-expand.3152.read.1.tlog
c:\users\avinash ranjan\source\repos\mynetworkfilter\x64\debug\mynetworkfilter.tlog\inf2cat-expand.3152.write.1.tlog
c:\users\avinash ranjan\source\repos\mynetworkfilter\x64\debug\mynetworkfilter.tlog\inf2cat-expand.3280.read.1.tlog
c:\users\avinash ranjan\source\repos\mynetworkfilter\x64\debug\mynetworkfilter.tlog\inf2cat-expand.3280.write.1.tlog
c:\users\avinash ranjan\source\repos\mynetworkfilter\x64\debug\mynetworkfilter.tlog\inf2cat-expand.3340.read.1.tlog
c:\users\avinash ranjan\source\repos\mynetworkfilter\x64\debug\mynetworkfilter.tlog\inf2cat-expand.3340.write.1.tlog
c:\users\avinash ranjan\source\repos\mynetworkfilter\x64\debug\mynetworkfilter.tlog\inf2cat-expand.364.read.1.tlog
c:\users\avinash ranjan\source\repos\mynetworkfilter\x64\debug\mynetworkfilter.tlog\inf2cat-expand.364.write.1.tlog
c:\users\avinash ranjan\source\repos\mynetworkfilter\x64\debug\mynetworkfilter.tlog\inf2cat-expand.3752.read.1.tlog
c:\users\avinash ranjan\source\repos\mynetworkfilter\x64\debug\mynetworkfilter.tlog\inf2cat-expand.3752.write.1.tlog
c:\users\avinash ranjan\source\repos\mynetworkfilter\x64\debug\mynetworkfilter.tlog\inf2cat-expand.3756.read.1.tlog
c:\users\avinash ranjan\source\repos\mynetworkfilter\x64\debug\mynetworkfilter.tlog\inf2cat-expand.3756.write.1.tlog
c:\users\avinash ranjan\source\repos\mynetworkfilter\x64\debug\mynetworkfilter.tlog\inf2cat-expand.3824.read.1.tlog
c:\users\avinash ranjan\source\repos\mynetworkfilter\x64\debug\mynetworkfilter.tlog\inf2cat-expand.3824.write.1.tlog
c:\users\avinash ranjan\source\repos\mynetworkfilter\x64\debug\mynetworkfilter.tlog\inf2cat-expand.3872.read.1.tlog
c:\users\avinash ranjan\source\repos\mynetworkfilter\x64\debug\mynetworkfilter.tlog\inf2cat-expand.3872.write.1.tlog
c:\users\avinash ranjan\source\repos\mynetworkfilter\x64\debug\mynetworkfilter.tlog\inf2cat-expand.3984.read.1.tlog
c:\users\avinash ranjan\source\repos\mynetworkfilter\x64\debug\mynetworkfilter.tlog\inf2cat-expand.3984.write.1.tlog
c:\users\avinash ranjan\source\repos\mynetworkfilter\x64\debug\mynetworkfilter.tlog\inf2cat-expand.4260.read.1.tlog
c:\users\avinash ranjan\source\repos\mynetworkfilter\x64\debug\mynetworkfilter.tlog\inf2cat-expand.4260.write.1.tlog
c:\users\avinash ranjan\source\repos\mynetworkfilter\x64\debug\mynetworkfilter.tlog\inf2cat-expand.4336.read.1.tlog
c:\users\avinash ranjan\source\repos\mynetworkfilter\x64\debug\mynetworkfilter.tlog\inf2cat-expand.4336.write.1.tlog
c:\users\avinash ranjan\source\repos\mynetworkfilter\x64\debug\mynetworkfilter.tlog\inf2cat-expand.4628.read.1.tlog
c:\users\avinash ranjan\source\repos\mynetworkfilter\x64\debug\mynetworkfilter.tlog\inf2cat-expand.4628.write.1.tlog
c:\users\avinash ranjan\source\repos\mynetworkfilter\x64\debug\mynetworkfilter.tlog\inf2cat-expand.4700.read.1.tlog
c:\users\avinash ranjan\source\repos\mynetworkfilter\x64\debug\mynetworkfilter.tlog\inf2cat-expand.4700.write.1.tlog
c:\users\avinash ranjan\source\repos\mynetworkfilter\x64\debug\mynetworkfilter.tlog\inf2cat-expand.4956.read.1.tlog
c:\users\avinash ranjan\source\repos\mynetworkfilter\x64\debug\mynetworkfilter.tlog\inf2cat-expand.4956.write.1.tlog
c:\users\avinash ranjan\source\repos\mynetworkfilter\x64\debug\mynetworkfilter.tlog\inf2cat-expand.500.read.1.tlog
c:\users\avinash ranjan\source\repos\mynetworkfilter\x64\debug\mynetworkfilter.tlog\inf2cat-expand.500.write.1.tlog
c:\users\avinash ranjan\source\repos\mynetworkfilter\x64\debug\mynetworkfilter.tlog\inf2cat-expand.5008.read.1.tlog
c:\users\avinash ranjan\source\repos\mynetworkfilter\x64\debug\mynetworkfilter.tlog\inf2cat-expand.5008.write.1.tlog
c:\users\avinash ranjan\source\repos\mynetworkfilter\x64\debug\mynetworkfilter.tlog\inf2cat-expand.5052.read.1.tlog
c:\users\avinash ranjan\source\repos\mynetworkfilter\x64\debug\mynetworkfilter.tlog\inf2cat-expand.5052.write.1.tlog
c:\users\avinash ranjan\source\repos\mynetworkfilter\x64\debug\mynetworkfilter.tlog\inf2cat-expand.5076.read.1.tlog
c:\users\avinash ranjan\source\repos\mynetworkfilter\x64\debug\mynetworkfilter.tlog\inf2cat-expand.5076.write.1.tlog
c:\users\avinash ranjan\source\repos\mynetworkfilter\x64\debug\mynetworkfilter.tlog\inf2cat-expand.5212.read.1.tlog
c:\users\avinash ranjan\source\repos\mynetworkfilter\x64\debug\mynetworkfilter.tlog\inf2cat-expand.5212.write.1.tlog
c:\users\avinash ranjan\source\repos\mynetworkfilter\x64\debug\mynetworkfilter.tlog\inf2cat-expand.5312.read.1.tlog
c:\users\avinash ranjan\source\repos\mynetworkfilter\x64\debug\mynetworkfilter.tlog\inf2cat-expand.5312.write.1.tlog
c:\users\avinash ranjan\source\repos\mynetworkfilter\x64\debug\mynetworkfilter.tlog\inf2cat-expand.5404.read.1.tlog
c:\users\avinash ranjan\source\repos\mynetworkfilter\x64\debug\mynetworkfilter.tlog\inf2cat-expand.5404.write.1.tlog
c:\users\avinash ranjan\source\repos\mynetworkfilter\x64\debug\mynetworkfilter.tlog\inf2cat-expand.5472.read.1.tlog
c:\users\avinash ranjan\source\repos\mynetworkfilter\x64\debug\mynetworkfilter.tlog\inf2cat-expand.5472.write.1.tlog
c:\users\avinash ranjan\source\repos\mynetworkfilter\x64\debug\mynetworkfilter.tlog\inf2cat-expand.5484.read.1.tlog
c:\users\avinash ranjan\source\repos\mynetworkfilter\x64\debug\mynetworkfilter.tlog\inf2cat-expand.5484.write.1.tlog
c:\users\avinash ranjan\source\repos\mynetworkfilter\x64\debug\mynetworkfilter.tlog\inf2cat-expand.5508.read.1.tlog
c:\users\avinash ranjan\source\repos\mynetworkfilter\x64\debug\mynetworkfilter.tlog\inf2cat-expand.5508.write.1.tlog
c:\users\avinash ranjan\source\repos\mynetworkfilter\x64\debug\mynetworkfilter.tlog\inf2cat-expand.5544.read.1.tlog
c:\users\avinash ranjan\source\repos\mynetworkfilter\x64\debug\mynetworkfilter.tlog\inf2cat-expand.5544.write.1.tlog
c:\users\avinash ranjan\source\repos\mynetworkfilter\x64\debug\mynetworkfilter.tlog\inf2cat-expand.5608.read.1.tlog
c:\users\avinash ranjan\source\repos\mynetworkfilter\x64\debug\mynetworkfilter.tlog\inf2cat-expand.5608.write.1.tlog
c:\users\avinash ranjan\source\repos\mynetworkfilter\x64\debug\mynetworkfilter.tlog\inf2cat-expand.5700.read.1.tlog
c:\users\avinash ranjan\source\repos\mynetworkfilter\x64\debug\mynetworkfilter.tlog\inf2cat-expand.5700.write.1.tlog
c:\users\avinash ranjan\source\repos\mynetworkfilter\x64\debug\mynetworkfilter.tlog\inf2cat-expand.5788.read.1.tlog
c:\users\avinash ranjan\source\repos\mynetworkfilter\x64\debug\mynetworkfilter.tlog\inf2cat-expand.5788.write.1.tlog
c:\users\avinash ranjan\source\repos\mynetworkfilter\x64\debug\mynetworkfilter.tlog\inf2cat-expand.5872.read.1.tlog
c:\users\avinash ranjan\source\repos\mynetworkfilter\x64\debug\mynetworkfilter.tlog\inf2cat-expand.5872.write.1.tlog
c:\users\avinash ranjan\source\repos\mynetworkfilter\x64\debug\mynetworkfilter.tlog\inf2cat-expand.6264.read.1.tlog
c:\users\avinash ranjan\source\repos\mynetworkfilter\x64\debug\mynetworkfilter.tlog\inf2cat-expand.6264.write.1.tlog
c:\users\avinash ranjan\source\repos\mynetworkfilter\x64\debug\mynetworkfilter.tlog\inf2cat-expand.6384.read.1.tlog
c:\users\avinash ranjan\source\repos\mynetworkfilter\x64\debug\mynetworkfilter.tlog\inf2cat-expand.6384.write.1.tlog
c:\users\avinash ranjan\source\repos\mynetworkfilter\x64\debug\mynetworkfilter.tlog\inf2cat-expand.6452.read.1.tlog
c:\users\avinash ranjan\source\repos\mynetworkfilter\x64\debug\mynetworkfilter.tlog\inf2cat-expand.6452.write.1.tlog
c:\users\avinash ranjan\source\repos\mynetworkfilter\x64\debug\mynetworkfilter.tlog\inf2cat-expand.6584.read.1.tlog
c:\users\avinash ranjan\source\repos\mynetworkfilter\x64\debug\mynetworkfilter.tlog\inf2cat-expand.6584.write.1.tlog
c:\users\avinash ranjan\source\repos\mynetworkfilter\x64\debug\mynetworkfilter.tlog\inf2cat-expand.6608.read.1.tlog
c:\users\avinash ranjan\source\repos\mynetworkfilter\x64\debug\mynetworkfilter.tlog\inf2cat-expand.6608.write.1.tlog
c:\users\avinash ranjan\source\repos\mynetworkfilter\x64\debug\mynetworkfilter.tlog\inf2cat-expand.6680.read.1.tlog
c:\users\avinash ranjan\source\repos\mynetworkfilter\x64\debug\mynetworkfilter.tlog\inf2cat-expand.6680.write.1.tlog
c:\users\avinash ranjan\source\repos\mynetworkfilter\x64\debug\mynetworkfilter.tlog\inf2cat-expand.6708.read.1.tlog
c:\users\avinash ranjan\source\repos\mynetworkfilter\x64\debug\mynetworkfilter.tlog\inf2cat-expand.6708.write.1.tlog
c:\users\avinash ranjan\source\repos\mynetworkfilter\x64\debug\mynetworkfilter.tlog\inf2cat-expand.6808.read.1.tlog
c:\users\avinash ranjan\source\repos\mynetworkfilter\x64\debug\mynetworkfilter.tlog\inf2cat-expand.6808.write.1.tlog
c:\users\avinash ranjan\source\repos\mynetworkfilter\x64\debug\mynetworkfilter.tlog\inf2cat-expand.7000.read.1.tlog
c:\users\avinash ranjan\source\repos\mynetworkfilter\x64\debug\mynetworkfilter.tlog\inf2cat-expand.7000.write.1.tlog
c:\users\avinash ranjan\source\repos\mynetworkfilter\x64\debug\mynetworkfilter.tlog\inf2cat-expand.7128.read.1.tlog
c:\users\avinash ranjan\source\repos\mynetworkfilter\x64\debug\mynetworkfilter.tlog\inf2cat-expand.7128.write.1.tlog
c:\users\avinash ranjan\source\repos\mynetworkfilter\x64\debug\mynetworkfilter.tlog\inf2cat-expand.7196.read.1.tlog
c:\users\avinash ranjan\source\repos\mynetworkfilter\x64\debug\mynetworkfilter.tlog\inf2cat-expand.7196.write.1.tlog
c:\users\avinash ranjan\source\repos\mynetworkfilter\x64\debug\mynetworkfilter.tlog\inf2cat-expand.7280.read.1.tlog
c:\users\avinash ranjan\source\repos\mynetworkfilter\x64\debug\mynetworkfilter.tlog\inf2cat-expand.7280.write.1.tlog
c:\users\avinash ranjan\source\repos\mynetworkfilter\x64\debug\mynetworkfilter.tlog\inf2cat-expand.7416.read.1.tlog
c:\users\avinash ranjan\source\repos\mynetworkfilter\x64\debug\mynetworkfilter.tlog\inf2cat-expand.7416.write.1.tlog
c:\users\avinash ranjan\source\repos\mynetworkfilter\x64\debug\mynetworkfilter.tlog\inf2cat-expand.744.read.1.tlog
c:\users\avinash ranjan\source\repos\mynetworkfilter\x64\debug\mynetworkfilter.tlog\inf2cat-expand.744.write.1.tlog
c:\users\avinash ranjan\source\repos\mynetworkfilter\x64\debug\mynetworkfilter.tlog\inf2cat-expand.7464.read.1.tlog
c:\users\avinash ranjan\source\repos\mynetworkfilter\x64\debug\mynetworkfilter.tlog\inf2cat-expand.7464.write.1.tlog
c:\users\avinash ranjan\source\repos\mynetworkfilter\x64\debug\mynetworkfilter.tlog\inf2cat-expand.7508.read.1.tlog
c:\users\avinash ranjan\source\repos\mynetworkfilter\x64\debug\mynetworkfilter.tlog\inf2cat-expand.7508.write.1.tlog
c:\users\avinash ranjan\source\repos\mynetworkfilter\x64\debug\mynetworkfilter.tlog\inf2cat-expand.7524.read.1.tlog
c:\users\avinash ranjan\source\repos\mynetworkfilter\x64\debug\mynetworkfilter.tlog\inf2cat-expand.7524.write.1.tlog
c:\users\avinash ranjan\source\repos\mynetworkfilter\x64\debug\mynetworkfilter.tlog\inf2cat-expand.7620.read.1.tlog
c:\users\avinash ranjan\source\repos\mynetworkfilter\x64\debug\mynetworkfilter.tlog\inf2cat-expand.7620.write.1.tlog
c:\users\avinash ranjan\source\repos\mynetworkfilter\x64\debug\mynetworkfilter.tlog\inf2cat-expand.7776.read.1.tlog
c:\users\avinash ranjan\source\repos\mynetworkfilter\x64\debug\mynetworkfilter.tlog\inf2cat-expand.7776.write.1.tlog
c:\users\avinash ranjan\source\repos\mynetworkfilter\x64\debug\mynetworkfilter.tlog\inf2cat-expand.7796.read.1.tlog
c:\users\avinash ranjan\source\repos\mynetworkfilter\x64\debug\mynetworkfilter.tlog\inf2cat-expand.7796.write.1.tlog
c:\users\avinash ranjan\source\repos\mynetworkfilter\x64\debug\mynetworkfilter.tlog\inf2cat-expand.7868.read.1.tlog
c:\users\avinash ranjan\source\repos\mynetworkfilter\x64\debug\mynetworkfilter.tlog\inf2cat-expand.7868.write.1.tlog
c:\users\avinash ranjan\source\repos\mynetworkfilter\x64\debug\mynetworkfilter.tlog\inf2cat-expand.7992.read.1.tlog
c:\users\avinash ranjan\source\repos\mynetworkfilter\x64\debug\mynetworkfilter.tlog\inf2cat-expand.7992.write.1.tlog
c:\users\avinash ranjan\source\repos\mynetworkfilter\x64\debug\mynetworkfilter.tlog\inf2cat-expand.8012.read.1.tlog
c:\users\avinash ranjan\source\repos\mynetworkfilter\x64\debug\mynetworkfilter.tlog\inf2cat-expand.8012.write.1.tlog
c:\users\avinash ranjan\source\repos\mynetworkfilter\x64\debug\mynetworkfilter.tlog\inf2cat-expand.8028.read.1.tlog
c:\users\avinash ranjan\source\repos\mynetworkfilter\x64\debug\mynetworkfilter.tlog\inf2cat-expand.8028.write.1.tlog
c:\users\avinash ranjan\source\repos\mynetworkfilter\x64\debug\mynetworkfilter.tlog\inf2cat-expand.8052.read.1.tlog
c:\users\avinash ranjan\source\repos\mynetworkfilter\x64\debug\mynetworkfilter.tlog\inf2cat-expand.8052.write.1.tlog
c:\users\avinash ranjan\source\repos\mynetworkfilter\x64\debug\mynetworkfilter.tlog\inf2cat-expand.8212.read.1.tlog
c:\users\avinash ranjan\source\repos\mynetworkfilter\x64\debug\mynetworkfilter.tlog\inf2cat-expand.8212.write.1.tlog
c:\users\avinash ranjan\source\repos\mynetworkfilter\x64\debug\mynetworkfilter.tlog\inf2cat-expand.8216.read.1.tlog
c:\users\avinash ranjan\source\repos\mynetworkfilter\x64\debug\mynetworkfilter.tlog\inf2cat-expand.8216.write.1.tlog
c:\users\avinash ranjan\source\repos\mynetworkfilter\x64\debug\mynetworkfilter.tlog\inf2cat-expand.8264.read.1.tlog
c:\users\avinash ranjan\source\repos\mynetworkfilter\x64\debug\mynetworkfilter.tlog\inf2cat-expand.8264.write.1.tlog
c:\users\avinash ranjan\source\repos\mynetworkfilter\x64\debug\mynetworkfilter.tlog\inf2cat-expand.8320.read.1.tlog
c:\users\avinash ranjan\source\repos\mynetworkfilter\x64\debug\mynetworkfilter.tlog\inf2cat-expand.8320.write.1.tlog
c:\users\avinash ranjan\source\repos\mynetworkfilter\x64\debug\mynetworkfilter.tlog\inf2cat-expand.8332.read.1.tlog
c:\users\avinash ranjan\source\repos\mynetworkfilter\x64\debug\mynetworkfilter.tlog\inf2cat-expand.8332.write.1.tlog
c:\users\avinash ranjan\source\repos\mynetworkfilter\x64\debug\mynetworkfilter.tlog\inf2cat-expand.8360.read.1.tlog
c:\users\avinash ranjan\source\repos\mynetworkfilter\x64\debug\mynetworkfilter.tlog\inf2cat-expand.8360.write.1.tlog
c:\users\avinash ranjan\source\repos\mynetworkfilter\x64\debug\mynetworkfilter.tlog\inf2cat-expand.8432.read.1.tlog
c:\users\avinash ranjan\source\repos\mynetworkfilter\x64\debug\mynetworkfilter.tlog\inf2cat-expand.8432.write.1.tlog
c:\users\avinash ranjan\source\repos\mynetworkfilter\x64\debug\mynetworkfilter.tlog\inf2cat-expand.8476.read.1.tlog
c:\users\avinash ranjan\source\repos\mynetworkfilter\x64\debug\mynetworkfilter.tlog\inf2cat-expand.8476.write.1.tlog
c:\users\avinash ranjan\source\repos\mynetworkfilter\x64\debug\mynetworkfilter.tlog\inf2cat-expand.8548.read.1.tlog
c:\users\avinash ranjan\source\repos\mynetworkfilter\x64\debug\mynetworkfilter.tlog\inf2cat-expand.8548.write.1.tlog
c:\users\avinash ranjan\source\repos\mynetworkfilter\x64\debug\mynetworkfilter.tlog\inf2cat-expand.8556.read.1.tlog
c:\users\avinash ranjan\source\repos\mynetworkfilter\x64\debug\mynetworkfilter.tlog\inf2cat-expand.8556.write.1.tlog
c:\users\avinash ranjan\source\repos\mynetworkfilter\x64\debug\mynetworkfilter.tlog\inf2cat-expand.8628.read.1.tlog
c:\users\avinash ranjan\source\repos\mynetworkfilter\x64\debug\mynetworkfilter.tlog\inf2cat-expand.8628.write.1.tlog
c:\users\avinash ranjan\source\repos\mynetworkfilter\x64\debug\mynetworkfilter.tlog\inf2cat-expand.8652.read.1.tlog
c:\users\avinash ranjan\source\repos\mynetworkfilter\x64\debug\mynetworkfilter.tlog\inf2cat-expand.8652.write.1.tlog
c:\users\avinash ranjan\source\repos\mynetworkfilter\x64\debug\mynetworkfilter.tlog\inf2cat-expand.8748.read.1.tlog
c:\users\avinash ranjan\source\repos\mynetworkfilter\x64\debug\mynetworkfilter.tlog\inf2cat-expand.8748.write.1.tlog
c:\users\avinash ranjan\source\repos\mynetworkfilter\x64\debug\mynetworkfilter.tlog\inf2cat-expand.8824.read.1.tlog
c:\users\avinash ranjan\source\repos\mynetworkfilter\x64\debug\mynetworkfilter.tlog\inf2cat-expand.8824.write.1.tlog
c:\users\avinash ranjan\source\repos\mynetworkfilter\x64\debug\mynetworkfilter.tlog\inf2cat-expand.8840.read.1.tlog
c:\users\avinash ranjan\source\repos\mynetworkfilter\x64\debug\mynetworkfilter.tlog\inf2cat-expand.8840.write.1.tlog
c:\users\avinash ranjan\source\repos\mynetworkfilter\x64\debug\mynetworkfilter.tlog\inf2cat-expand.8892.read.1.tlog
c:\users\avinash ranjan\source\repos\mynetworkfilter\x64\debug\mynetworkfilter.tlog\inf2cat-expand.8892.write.1.tlog
c:\users\avinash ranjan\source\repos\mynetworkfilter\x64\debug\mynetworkfilter.tlog\inf2cat-expand.8944.read.1.tlog
c:\users\avinash ranjan\source\repos\mynetworkfilter\x64\debug\mynetworkfilter.tlog\inf2cat-expand.8944.write.1.tlog
c:\users\avinash ranjan\source\repos\mynetworkfilter\x64\debug\mynetworkfilter.tlog\inf2cat-expand.8960.read.1.tlog
c:\users\avinash ranjan\source\repos\mynetworkfilter\x64\debug\mynetworkfilter.tlog\inf2cat-expand.8960.write.1.tlog
c:\users\avinash ranjan\source\repos\mynetworkfilter\x64\debug\mynetworkfilter.tlog\inf2cat-expand.9020.read.1.tlog
c:\users\avinash ranjan\source\repos\mynetworkfilter\x64\debug\mynetworkfilter.tlog\inf2cat-expand.9020.write.1.tlog
c:\users\avinash ranjan\source\repos\mynetworkfilter\x64\debug\mynetworkfilter.tlog\inf2cat-expand.904.read.1.tlog
c:\users\avinash ranjan\source\repos\mynetworkfilter\x64\debug\mynetworkfilter.tlog\inf2cat-expand.904.write.1.tlog
c:\users\avinash ranjan\source\repos\mynetworkfilter\x64\debug\mynetworkfilter.tlog\inf2cat-expand.9040.read.1.tlog
c:\users\avinash ranjan\source\repos\mynetworkfilter\x64\debug\mynetworkfilter.tlog\inf2cat-expand.9040.write.1.tlog
c:\users\avinash ranjan\source\repos\mynetworkfilter\x64\debug\mynetworkfilter.tlog\inf2cat-expand.9064.read.1.tlog
c:\users\avinash ranjan\source\repos\mynetworkfilter\x64\debug\mynetworkfilter.tlog\inf2cat-expand.9064.write.1.tlog
c:\users\avinash ranjan\source\repos\mynetworkfilter\x64\debug\mynetworkfilter.tlog\inf2cat-expand.9192.read.1.tlog
c:\users\avinash ranjan\source\repos\mynetworkfilter\x64\debug\mynetworkfilter.tlog\inf2cat-expand.9192.write.1.tlog
c:\users\avinash ranjan\source\repos\mynetworkfilter\x64\debug\mynetworkfilter.tlog\inf2cat-expand.9276.read.1.tlog
c:\users\avinash ranjan\source\repos\mynetworkfilter\x64\debug\mynetworkfilter.tlog\inf2cat-expand.9276.write.1.tlog
c:\users\avinash ranjan\source\repos\mynetworkfilter\x64\debug\mynetworkfilter.tlog\inf2cat-expand.944.read.1.tlog
c:\users\avinash ranjan\source\repos\mynetworkfilter\x64\debug\mynetworkfilter.tlog\inf2cat-expand.944.write.1.tlog
c:\users\avinash ranjan\source\repos\mynetworkfilter\x64\debug\mynetworkfilter.tlog\inf2cat-expand.9480.read.1.tlog
c:\users\avinash ranjan\source\repos\mynetworkfilter\x64\debug\mynetworkfilter.tlog\inf2cat-expand.9480.write.1.tlog
c:\users\avinash ranjan\source\repos\mynetworkfilter\x64\debug\mynetworkfilter.tlog\inf2cat-expand.9816.read.1.tlog
c:\users\avinash ranjan\source\repos\mynetworkfilter\x64\debug\mynetworkfilter.tlog\inf2cat-expand.9816.write.1.tlog
c:\users\avinash ranjan\source\repos\mynetworkfilter\x64\debug\mynetworkfilter.tlog\inf2cat-expand.9896.read.1.tlog
c:\users\avinash ranjan\source\repos\mynetworkfilter\x64\debug\mynetworkfilter.tlog\inf2cat-expand.9896.write.1.tlog
c:\users\avinash ranjan\source\repos\mynetworkfilter\x64\debug\mynetworkfilter.tlog\inf2cat-expand.9956.read.1.tlog
c:\users\avinash ranjan\source\repos\mynetworkfilter\x64\debug\mynetworkfilter.tlog\inf2cat-expand.9956.write.1.tlog
c:\users\avinash ranjan\source\repos\mynetworkfilter\x64\debug\mynetworkfilter.tlog\inf2cat-expand.read.1.tlog
c:\users\avinash ranjan\source\repos\mynetworkfilter\x64\debug\mynetworkfilter.tlog\inf2cat-expand.write.1.tlog
c:\users\avinash ranjan\source\repos\mynetworkfilter\x64\debug\mynetworkfilter.tlog\inf2cat.command.1.tlog
c:\users\avinash ranjan\source\repos\mynetworkfilter\x64\debug\mynetworkfilter.tlog\inf2cat.read.1.tlog
c:\users\avinash ranjan\source\repos\mynetworkfilter\x64\debug\mynetworkfilter.tlog\inf2cat.read.8.tlog
c:\users\avinash ranjan\source\repos\mynetworkfilter\x64\debug\mynetworkfilter.tlog\inf2cat.write.1.tlog
c:\users\avinash ranjan\source\repos\mynetworkfilter\x64\debug\mynetworkfilter.tlog\inf2cat.write.8.tlog
c:\users\avinash ranjan\source\repos\mynetworkfilter\x64\debug\mynetworkfilter.tlog\link.command.1.tlog
c:\users\avinash ranjan\source\repos\mynetworkfilter\x64\debug\mynetworkfilter.tlog\link.read.1.tlog
c:\users\avinash ranjan\source\repos\mynetworkfilter\x64\debug\mynetworkfilter.tlog\link.write.1.tlog
c:\users\avinash ranjan\source\repos\mynetworkfilter\x64\debug\mynetworkfilter.tlog\signtool.command.1.tlog
c:\users\avinash ranjan\source\repos\mynetworkfilter\x64\debug\mynetworkfilter.tlog\signtool.read.1.tlog
c:\users\avinash ranjan\source\repos\mynetworkfilter\x64\debug\mynetworkfilter.tlog\signtool.timestamp.1.tlog
c:\users\avinash ranjan\source\repos\mynetworkfilter\x64\debug\mynetworkfilter.tlog\signtool.write.1.tlog
c:\users\avinash ranjan\source\repos\mynetworkfilter\x64\debug\mynetworkfilter.tlog\stampinf.command.1.tlog
c:\users\avinash ranjan\source\repos\mynetworkfilter\x64\debug\mynetworkfilter.tlog\stampinf.read.1.tlog
c:\users\avinash ranjan\source\repos\mynetworkfilter\x64\debug\mynetworkfilter.tlog\stampinf.write.1.tlog
